  Actor.cpp
D:\VScommunity\chapter2\chapter2\chapter2\Component.h(12,28): error C2535: “int Component::GetUpdateOrder(void) const”: 已经定义或声明成员函数
D:\VScommunity\chapter2\chapter2\chapter2\Component.h(10): message : 参见“Component::GetUpdateOrder”的声明
D:\VScommunity\chapter2\chapter2\chapter2\Actor.cpp(60,31): warning C4390: “;”: 找到空的受控语句；这是否是有意的?
  Asteroid.cpp
D:\VScommunity\chapter2\chapter2\chapter2\Component.h(12,28): error C2535: “int Component::GetUpdateOrder(void) const”: 已经定义或声明成员函数
D:\VScommunity\chapter2\chapter2\chapter2\Component.h(10): message : 参见“Component::GetUpdateOrder”的声明
D:\VScommunity\chapter2\chapter2\chapter2\Asteroid.cpp(23,8): error C2039: "AddAsteroid": 不是 "Game" 的成员
D:\VScommunity\chapter2\chapter2\chapter2\Game.h(10): message : 参见“Game”的声明
D:\VScommunity\chapter2\chapter2\chapter2\Asteroid.cpp(28,13): error C2039: "RemoveAsteroid": 不是 "Game" 的成员
D:\VScommunity\chapter2\chapter2\chapter2\Game.h(10): message : 参见“Game”的声明
  CircleComponent.cpp
D:\VScommunity\chapter2\chapter2\chapter2\Component.h(12,28): error C2535: “int Component::GetUpdateOrder(void) const”: 已经定义或声明成员函数
D:\VScommunity\chapter2\chapter2\chapter2\Component.h(10): message : 参见“Component::GetUpdateOrder”的声明
D:\VScommunity\chapter2\chapter2\chapter2\CircleComponent.h(4,37): error C4430: 缺少类型说明符 - 假定为 int。注意: C++ 不支持默认 int
D:\VScommunity\chapter2\chapter2\chapter2\CircleComponent.h(4,37): error C2143: 语法错误: 缺少“,”(在“&”的前面)
  Component.cpp
D:\VScommunity\chapter2\chapter2\chapter2\Component.h(12,28): error C2535: “int Component::GetUpdateOrder(void) const”: 已经定义或声明成员函数
D:\VScommunity\chapter2\chapter2\chapter2\Component.h(10): message : 参见“Component::GetUpdateOrder”的声明
  Game.cpp
D:\VScommunity\chapter2\chapter2\chapter2\Component.h(12,28): error C2535: “int Component::GetUpdateOrder(void) const”: 已经定义或声明成员函数
D:\VScommunity\chapter2\chapter2\chapter2\Component.h(10): message : 参见“Component::GetUpdateOrder”的声明
  InputComponent.cpp
D:\VScommunity\chapter2\chapter2\chapter2\Component.h(12,28): error C2535: “int Component::GetUpdateOrder(void) const”: 已经定义或声明成员函数
D:\VScommunity\chapter2\chapter2\chapter2\Component.h(10): message : 参见“Component::GetUpdateOrder”的声明
  Laser.cpp
D:\VScommunity\chapter2\chapter2\chapter2\Component.h(12,28): error C2535: “int Component::GetUpdateOrder(void) const”: 已经定义或声明成员函数
D:\VScommunity\chapter2\chapter2\chapter2\Component.h(10): message : 参见“Component::GetUpdateOrder”的声明
  main.cpp
  Math.cpp
  MoveComponent.cpp
D:\VScommunity\chapter2\chapter2\chapter2\Component.h(12,28): error C2535: “int Component::GetUpdateOrder(void) const”: 已经定义或声明成员函数
D:\VScommunity\chapter2\chapter2\chapter2\Component.h(10): message : 参见“Component::GetUpdateOrder”的声明
  Random.cpp
  ship.cpp
D:\VScommunity\chapter2\chapter2\chapter2\Component.h(12,28): error C2535: “int Component::GetUpdateOrder(void) const”: 已经定义或声明成员函数
D:\VScommunity\chapter2\chapter2\chapter2\Component.h(10): message : 参见“Component::GetUpdateOrder”的声明
D:\VScommunity\chapter2\chapter2\chapter2\ship.cpp(12,47): error C2248: “InputComponent::InputComponent”: 无法访问 private 成员(在“InputComponent”类中声明)
D:\VScommunity\chapter2\chapter2\chapter2\InputComponent.h(6): message : 参见“InputComponent::InputComponent”的声明
D:\VScommunity\chapter2\chapter2\chapter2\InputComponent.h(4): message : 参见“InputComponent”的声明
D:\VScommunity\chapter2\chapter2\chapter2\ship.cpp(13,34): error C2248: “InputComponent::SetForwardKey”: 无法访问 private 成员(在“InputComponent”类中声明)
D:\VScommunity\chapter2\chapter2\chapter2\InputComponent.h(19): message : 参见“InputComponent::SetForwardKey”的声明
D:\VScommunity\chapter2\chapter2\chapter2\InputComponent.h(4): message : 参见“InputComponent”的声明
D:\VScommunity\chapter2\chapter2\chapter2\ship.cpp(14,31): error C2248: “InputComponent::SetBackKey”: 无法访问 private 成员(在“InputComponent”类中声明)
D:\VScommunity\chapter2\chapter2\chapter2\InputComponent.h(20): message : 参见“InputComponent::SetBackKey”的声明
D:\VScommunity\chapter2\chapter2\chapter2\InputComponent.h(4): message : 参见“InputComponent”的声明
D:\VScommunity\chapter2\chapter2\chapter2\ship.cpp(15,36): error C2248: “InputComponent::SetClockwiseKey”: 无法访问 private 成员(在“InputComponent”类中声明)
D:\VScommunity\chapter2\chapter2\chapter2\InputComponent.h(21): message : 参见“InputComponent::SetClockwiseKey”的声明
D:\VScommunity\chapter2\chapter2\chapter2\InputComponent.h(4): message : 参见“InputComponent”的声明
D:\VScommunity\chapter2\chapter2\chapter2\ship.cpp(16,43): error C2248: “InputComponent::SetCounterClockwiseKey”: 无法访问 private 成员(在“InputComponent”类中声明)
D:\VScommunity\chapter2\chapter2\chapter2\InputComponent.h(22): message : 参见“InputComponent::SetCounterClockwiseKey”的声明
D:\VScommunity\chapter2\chapter2\chapter2\InputComponent.h(4): message : 参见“InputComponent”的声明
D:\VScommunity\chapter2\chapter2\chapter2\ship.cpp(17,31): error C2248: “InputComponent::SetMaxForwardSpeed”: 无法访问 private 成员(在“InputComponent”类中声明)
D:\VScommunity\chapter2\chapter2\chapter2\InputComponent.h(17): message : 参见“InputComponent::SetMaxForwardSpeed”的声明
D:\VScommunity\chapter2\chapter2\chapter2\InputComponent.h(4): message : 参见“InputComponent”的声明
D:\VScommunity\chapter2\chapter2\chapter2\ship.cpp(18,36): error C2248: “InputComponent::SetMaxAngularSpeed”: 无法访问 private 成员(在“InputComponent”类中声明)
D:\VScommunity\chapter2\chapter2\chapter2\InputComponent.h(18): message : 参见“InputComponent::SetMaxAngularSpeed”的声明
D:\VScommunity\chapter2\chapter2\chapter2\InputComponent.h(4): message : 参见“InputComponent”的声明
  SpriteComponent.cpp
D:\VScommunity\chapter2\chapter2\chapter2\Component.h(12,28): error C2535: “int Component::GetUpdateOrder(void) const”: 已经定义或声明成员函数
D:\VScommunity\chapter2\chapter2\chapter2\Component.h(10): message : 参见“Component::GetUpdateOrder”的声明
  正在生成代码...
