  Actor.cpp
  Asteroid.cpp
  CircleComponent.cpp
  Component.cpp
  Game.cpp
  InputComponent.cpp
  Laser.cpp
  MoveComponent.cpp
  Ship.cpp
  SpriteComponent.cpp
  Texture.cpp
  VertexArray.cpp
  正在生成代码...
Game.obj : error LNK2019: 无法解析的外部符号 SDL_GetError，函数 "public: bool __cdecl Game::Initialize(void)" (?Initialize@Game@@QEAA_NXZ) 中引用了该符号
Game.obj : error LNK2019: 无法解析的外部符号 SDL_CreateWindow，函数 "public: bool __cdecl Game::Initialize(void)" (?Initialize@Game@@QEAA_NXZ) 中引用了该符号
Game.obj : error LNK2019: 无法解析的外部符号 SDL_DestroyWindow，函数 "public: void __cdecl Game::ShutDown(void)" (?ShutDown@Game@@QEAAXXZ) 中引用了该符号
Game.obj : error LNK2019: 无法解析的外部符号 SDL_GL_SetAttribute，函数 "public: bool __cdecl Game::Initialize(void)" (?Initialize@Game@@QEAA_NXZ) 中引用了该符号
Game.obj : error LNK2019: 无法解析的外部符号 SDL_GL_CreateContext，函数 "public: bool __cdecl Game::Initialize(void)" (?Initialize@Game@@QEAA_NXZ) 中引用了该符号
Game.obj : error LNK2019: 无法解析的外部符号 SDL_GL_SwapWindow，函数 "private: void __cdecl Game::GenerateOutput(void)" (?GenerateOutput@Game@@AEAAXXZ) 中引用了该符号
Game.obj : error LNK2019: 无法解析的外部符号 SDL_GL_DeleteContext，函数 "public: void __cdecl Game::ShutDown(void)" (?ShutDown@Game@@QEAAXXZ) 中引用了该符号
Game.obj : error LNK2019: 无法解析的外部符号 SDL_GetKeyboardState，函数 "private: void __cdecl Game::ProcessInput(void)" (?ProcessInput@Game@@AEAAXXZ) 中引用了该符号
Game.obj : error LNK2019: 无法解析的外部符号 SDL_PollEvent，函数 "private: void __cdecl Game::ProcessInput(void)" (?ProcessInput@Game@@AEAAXXZ) 中引用了该符号
Game.obj : error LNK2019: 无法解析的外部符号 SDL_Log，函数 "public: bool __cdecl Game::Initialize(void)" (?Initialize@Game@@QEAA_NXZ) 中引用了该符号
Shader.obj : error LNK2001: 无法解析的外部符号 SDL_Log
Texture.obj : error LNK2001: 无法解析的外部符号 SDL_Log
Game.obj : error LNK2019: 无法解析的外部符号 SDL_GetTicks，函数 "public: bool __cdecl Game::Initialize(void)" (?Initialize@Game@@QEAA_NXZ) 中引用了该符号
Game.obj : error LNK2019: 无法解析的外部符号 SDL_Init，函数 "public: bool __cdecl Game::Initialize(void)" (?Initialize@Game@@QEAA_NXZ) 中引用了该符号
Game.obj : error LNK2019: 无法解析的外部符号 SDL_Quit，函数 "public: void __cdecl Game::ShutDown(void)" (?ShutDown@Game@@QEAAXXZ) 中引用了该符号
Game.obj : error LNK2019: 无法解析的外部符号 __imp_glBlendFunc，函数 "private: void __cdecl Game::GenerateOutput(void)" (?GenerateOutput@Game@@AEAAXXZ) 中引用了该符号
Game.obj : error LNK2019: 无法解析的外部符号 __imp_glClear，函数 "private: void __cdecl Game::GenerateOutput(void)" (?GenerateOutput@Game@@AEAAXXZ) 中引用了该符号
Game.obj : error LNK2019: 无法解析的外部符号 __imp_glClearColor，函数 "private: void __cdecl Game::GenerateOutput(void)" (?GenerateOutput@Game@@AEAAXXZ) 中引用了该符号
Game.obj : error LNK2019: 无法解析的外部符号 __imp_glEnable，函数 "private: void __cdecl Game::GenerateOutput(void)" (?GenerateOutput@Game@@AEAAXXZ) 中引用了该符号
Game.obj : error LNK2019: 无法解析的外部符号 __imp_glGetError，函数 "public: bool __cdecl Game::Initialize(void)" (?Initialize@Game@@QEAA_NXZ) 中引用了该符号
Game.obj : error LNK2019: 无法解析的外部符号 __imp_glewInit，函数 "public: bool __cdecl Game::Initialize(void)" (?Initialize@Game@@QEAA_NXZ) 中引用了该符号
Game.obj : error LNK2019: 无法解析的外部符号 __imp_glewExperimental，函数 "public: bool __cdecl Game::Initialize(void)" (?Initialize@Game@@QEAA_NXZ) 中引用了该符号
Shader.obj : error LNK2019: 无法解析的外部符号 __imp___glewAttachShader，函数 "public: bool __cdecl Shader::Load(class std::basic_string<char,struct std::char_traits<char>,class std::allocator<char> > const &,class std::basic_string<char,struct std::char_traits<char>,class std::allocator<char> >)" (?Load@Shader@@QEAA_NAEBV?$basic_string@DU?$char_traits@D@std@@V?$allocator@D@2@@std@@V23@@Z) 中引用了该符号
Shader.obj : error LNK2019: 无法解析的外部符号 __imp___glewCompileShader，函数 "private: bool __cdecl Shader::CompileShader(class std::basic_string<char,struct std::char_traits<char>,class std::allocator<char> > const &,unsigned int,unsigned int)" (?CompileShader@Shader@@AEAA_NAEBV?$basic_string@DU?$char_traits@D@std@@V?$allocator@D@2@@std@@II@Z) 中引用了该符号
Shader.obj : error LNK2019: 无法解析的外部符号 __imp___glewCreateProgram，函数 "public: bool __cdecl Shader::Load(class std::basic_string<char,struct std::char_traits<char>,class std::allocator<char> > const &,class std::basic_string<char,struct std::char_traits<char>,class std::allocator<char> >)" (?Load@Shader@@QEAA_NAEBV?$basic_string@DU?$char_traits@D@std@@V?$allocator@D@2@@std@@V23@@Z) 中引用了该符号
Shader.obj : error LNK2019: 无法解析的外部符号 __imp___glewCreateShader，函数 "private: bool __cdecl Shader::CompileShader(class std::basic_string<char,struct std::char_traits<char>,class std::allocator<char> > const &,unsigned int,unsigned int)" (?CompileShader@Shader@@AEAA_NAEBV?$basic_string@DU?$char_traits@D@std@@V?$allocator@D@2@@std@@II@Z) 中引用了该符号
Shader.obj : error LNK2019: 无法解析的外部符号 __imp___glewDeleteProgram，函数 "public: void __cdecl Shader::Unload(void)" (?Unload@Shader@@QEAAXXZ) 中引用了该符号
Shader.obj : error LNK2019: 无法解析的外部符号 __imp___glewDeleteShader，函数 "public: void __cdecl Shader::Unload(void)" (?Unload@Shader@@QEAAXXZ) 中引用了该符号
Shader.obj : error LNK2019: 无法解析的外部符号 __imp___glewGetProgramInfoLog，函数 "private: bool __cdecl Shader::IsValidProgram(void)" (?IsValidProgram@Shader@@AEAA_NXZ) 中引用了该符号
Shader.obj : error LNK2019: 无法解析的外部符号 __imp___glewGetProgramiv，函数 "private: bool __cdecl Shader::IsValidProgram(void)" (?IsValidProgram@Shader@@AEAA_NXZ) 中引用了该符号
Shader.obj : error LNK2019: 无法解析的外部符号 __imp___glewGetShaderInfoLog，函数 "private: bool __cdecl Shader::IsCompiled(unsigned int)" (?IsCompiled@Shader@@AEAA_NI@Z) 中引用了该符号
Shader.obj : error LNK2019: 无法解析的外部符号 __imp___glewGetShaderiv，函数 "private: bool __cdecl Shader::IsCompiled(unsigned int)" (?IsCompiled@Shader@@AEAA_NI@Z) 中引用了该符号
Shader.obj : error LNK2019: 无法解析的外部符号 __imp___glewGetUniformLocation，函数 "public: void __cdecl Shader::SetMatrixUniform(char const *,class Matrix4 const &)" (?SetMatrixUniform@Shader@@QEAAXPEBDAEBVMatrix4@@@Z) 中引用了该符号
Shader.obj : error LNK2019: 无法解析的外部符号 __imp___glewLinkProgram，函数 "public: bool __cdecl Shader::Load(class std::basic_string<char,struct std::char_traits<char>,class std::allocator<char> > const &,class std::basic_string<char,struct std::char_traits<char>,class std::allocator<char> >)" (?Load@Shader@@QEAA_NAEBV?$basic_string@DU?$char_traits@D@std@@V?$allocator@D@2@@std@@V23@@Z) 中引用了该符号
Shader.obj : error LNK2019: 无法解析的外部符号 __imp___glewShaderSource，函数 "private: bool __cdecl Shader::CompileShader(class std::basic_string<char,struct std::char_traits<char>,class std::allocator<char> > const &,unsigned int,unsigned int)" (?CompileShader@Shader@@AEAA_NAEBV?$basic_string@DU?$char_traits@D@std@@V?$allocator@D@2@@std@@II@Z) 中引用了该符号
Shader.obj : error LNK2019: 无法解析的外部符号 __imp___glewUniformMatrix4fv，函数 "public: void __cdecl Shader::SetMatrixUniform(char const *,class Matrix4 const &)" (?SetMatrixUniform@Shader@@QEAAXPEBDAEBVMatrix4@@@Z) 中引用了该符号
Shader.obj : error LNK2019: 无法解析的外部符号 __imp___glewUseProgram，函数 "public: void __cdecl Shader::SetActive(void)" (?SetActive@Shader@@QEAAXXZ) 中引用了该符号
SpriteComponent.obj : error LNK2019: 无法解析的外部符号 __imp_glDrawElements，函数 "public: virtual void __cdecl SpriteComponent::Draw(class Shader *)" (?Draw@SpriteComponent@@UEAAXPEAVShader@@@Z) 中引用了该符号
Texture.obj : error LNK2019: 无法解析的外部符号 __imp_glBindTexture，函数 "public: bool __cdecl Texture::Load(class std::basic_string<char,struct std::char_traits<char>,class std::allocator<char> > const &)" (?Load@Texture@@QEAA_NAEBV?$basic_string@DU?$char_traits@D@std@@V?$allocator@D@2@@std@@@Z) 中引用了该符号
Texture.obj : error LNK2019: 无法解析的外部符号 __imp_glDeleteTextures，函数 "public: void __cdecl Texture::Unload(void)" (?Unload@Texture@@QEAAXXZ) 中引用了该符号
Texture.obj : error LNK2019: 无法解析的外部符号 __imp_glGenTextures，函数 "public: bool __cdecl Texture::Load(class std::basic_string<char,struct std::char_traits<char>,class std::allocator<char> > const &)" (?Load@Texture@@QEAA_NAEBV?$basic_string@DU?$char_traits@D@std@@V?$allocator@D@2@@std@@@Z) 中引用了该符号
Texture.obj : error LNK2019: 无法解析的外部符号 __imp_glTexImage2D，函数 "public: bool __cdecl Texture::Load(class std::basic_string<char,struct std::char_traits<char>,class std::allocator<char> > const &)" (?Load@Texture@@QEAA_NAEBV?$basic_string@DU?$char_traits@D@std@@V?$allocator@D@2@@std@@@Z) 中引用了该符号
Texture.obj : error LNK2019: 无法解析的外部符号 __imp_glTexParameteri，函数 "public: bool __cdecl Texture::Load(class std::basic_string<char,struct std::char_traits<char>,class std::allocator<char> > const &)" (?Load@Texture@@QEAA_NAEBV?$basic_string@DU?$char_traits@D@std@@V?$allocator@D@2@@std@@@Z) 中引用了该符号
Texture.obj : error LNK2019: 无法解析的外部符号 SOIL_load_image，函数 "public: bool __cdecl Texture::Load(class std::basic_string<char,struct std::char_traits<char>,class std::allocator<char> > const &)" (?Load@Texture@@QEAA_NAEBV?$basic_string@DU?$char_traits@D@std@@V?$allocator@D@2@@std@@@Z) 中引用了该符号
Texture.obj : error LNK2019: 无法解析的外部符号 SOIL_free_image_data，函数 "public: bool __cdecl Texture::Load(class std::basic_string<char,struct std::char_traits<char>,class std::allocator<char> > const &)" (?Load@Texture@@QEAA_NAEBV?$basic_string@DU?$char_traits@D@std@@V?$allocator@D@2@@std@@@Z) 中引用了该符号
Texture.obj : error LNK2019: 无法解析的外部符号 SOIL_last_result，函数 "public: bool __cdecl Texture::Load(class std::basic_string<char,struct std::char_traits<char>,class std::allocator<char> > const &)" (?Load@Texture@@QEAA_NAEBV?$basic_string@DU?$char_traits@D@std@@V?$allocator@D@2@@std@@@Z) 中引用了该符号
VertexArray.obj : error LNK2019: 无法解析的外部符号 __imp___glewBindBuffer，函数 "public: __cdecl VertexArray::VertexArray(float const *,unsigned int,unsigned int const *,unsigned int)" (??0VertexArray@@QEAA@PEBMIPEBII@Z) 中引用了该符号
VertexArray.obj : error LNK2019: 无法解析的外部符号 __imp___glewBufferData，函数 "public: __cdecl VertexArray::VertexArray(float const *,unsigned int,unsigned int const *,unsigned int)" (??0VertexArray@@QEAA@PEBMIPEBII@Z) 中引用了该符号
VertexArray.obj : error LNK2019: 无法解析的外部符号 __imp___glewDeleteBuffers，函数 "public: __cdecl VertexArray::~VertexArray(void)" (??1VertexArray@@QEAA@XZ) 中引用了该符号
VertexArray.obj : error LNK2019: 无法解析的外部符号 __imp___glewGenBuffers，函数 "public: __cdecl VertexArray::VertexArray(float const *,unsigned int,unsigned int const *,unsigned int)" (??0VertexArray@@QEAA@PEBMIPEBII@Z) 中引用了该符号
VertexArray.obj : error LNK2019: 无法解析的外部符号 __imp___glewEnableVertexAttribArray，函数 "public: __cdecl VertexArray::VertexArray(float const *,unsigned int,unsigned int const *,unsigned int)" (??0VertexArray@@QEAA@PEBMIPEBII@Z) 中引用了该符号
VertexArray.obj : error LNK2019: 无法解析的外部符号 __imp___glewVertexAttribPointer，函数 "public: __cdecl VertexArray::VertexArray(float const *,unsigned int,unsigned int const *,unsigned int)" (??0VertexArray@@QEAA@PEBMIPEBII@Z) 中引用了该符号
VertexArray.obj : error LNK2019: 无法解析的外部符号 __imp___glewBindVertexArray，函数 "public: __cdecl VertexArray::VertexArray(float const *,unsigned int,unsigned int const *,unsigned int)" (??0VertexArray@@QEAA@PEBMIPEBII@Z) 中引用了该符号
VertexArray.obj : error LNK2019: 无法解析的外部符号 __imp___glewDeleteVertexArrays，函数 "public: __cdecl VertexArray::~VertexArray(void)" (??1VertexArray@@QEAA@XZ) 中引用了该符号
VertexArray.obj : error LNK2019: 无法解析的外部符号 __imp___glewGenVertexArrays，函数 "public: __cdecl VertexArray::VertexArray(float const *,unsigned int,unsigned int const *,unsigned int)" (??0VertexArray@@QEAA@PEBMIPEBII@Z) 中引用了该符号
MSVCRTD.lib(exe_main.obj) : error LNK2019: 无法解析的外部符号 main，函数 "int __cdecl invoke_main(void)" (?invoke_main@@YAHXZ) 中引用了该符号
D:\VScommunity\chapter05_my\SOIL\lib\win\x86\SOIL.lib : warning LNK4272: 库计算机类型“x86”与目标计算机类型“x64”冲突
D:\VScommunity\chapter05_my\SDL\lib\win\x86\SDL2.lib : warning LNK4272: 库计算机类型“x86”与目标计算机类型“x64”冲突
D:\VScommunity\chapter05_my\SDL\lib\win\x86\SDL2main.lib : warning LNK4272: 库计算机类型“x86”与目标计算机类型“x64”冲突
D:\VScommunity\chapter05_my\SDL\lib\win\x86\SDL2test.lib : warning LNK4272: 库计算机类型“x86”与目标计算机类型“x64”冲突
D:\VScommunity\chapter05_my\SDL\lib\win\x86\SDL2_image.lib : warning LNK4272: 库计算机类型“x86”与目标计算机类型“x64”冲突
D:\VScommunity\chapter05_my\GLEW\lib\win\x86\glew32.lib : warning LNK4272: 库计算机类型“x86”与目标计算机类型“x64”冲突
D:\VScommunity\chapter05_my\Game\x64\Debug\Game.exe : fatal error LNK1120: 54 个无法解析的外部命令
